4716> 2020-01-29 11:53:22> Program: Starting Squirrel Updater: --install .
4716> 2020-01-29 11:53:22> Program: Starting install, writing to C:\Users\Erty\AppData\Local\SquirrelTemp
4716> 2020-01-29 11:53:23> Program: About to install to: C:\Users\Erty\AppData\Local\Discord
4716> 2020-01-29 11:53:23> SingleGlobalInstance: Grabbing lockfile with timeout of 00:00:10
4716> 2020-01-29 11:53:23> CheckForUpdateImpl: Reading RELEASES file from C:\Users\Erty\AppData\Local\SquirrelTemp
4716> 2020-01-29 11:53:23> CheckForUpdateImpl: Remote version 0.0.305 differs from local 
4716> 2020-01-29 11:53:23> CheckForUpdateImpl: First run or local directory is corrupt, starting from scratch
4716> 2020-01-29 11:53:23> ApplyReleasesImpl: Writing files to app directory: C:\Users\Erty\AppData\Local\Discord\app-0.0.305
4716> 2020-01-29 11:53:26> ApplyReleasesImpl: Moving file C:\Users\Erty\AppData\Local\Discord\app-0.0.305\lib\net45\app.ico to C:\Users\Erty\AppData\Local\Discord\app-0.0.305\app.ico
4716> 2020-01-29 11:53:26> ApplyReleasesImpl: Moving file C:\Users\Erty\AppData\Local\Discord\app-0.0.305\lib\net45\chrome_100_percent.pak to C:\Users\Erty\AppData\Local\Discord\app-0.0.305\chrome_100_percent.pak
4716> 2020-01-29 11:53:26> ApplyReleasesImpl: Moving file C:\Users\Erty\AppData\Local\Discord\app-0.0.305\lib\net45\chrome_200_percent.pak to C:\Users\Erty\AppData\Local\Discord\app-0.0.305\chrome_200_percent.pak
4716> 2020-01-29 11:53:26> ApplyReleasesImpl: Moving file C:\Users\Erty\AppData\Local\Discord\app-0.0.305\lib\net45\d3dcompiler_47.dll to C:\Users\Erty\AppData\Local\Discord\app-0.0.305\d3dcompiler_47.dll
4716> 2020-01-29 11:53:26> ApplyReleasesImpl: Moving file C:\Users\Erty\AppData\Local\Discord\app-0.0.305\lib\net45\Discord.exe to C:\Users\Erty\AppData\Local\Discord\app-0.0.305\Discord.exe
4716> 2020-01-29 11:53:26> ApplyReleasesImpl: Moving file C:\Users\Erty\AppData\Local\Discord\app-0.0.305\lib\net45\ffmpeg.dll to C:\Users\Erty\AppData\Local\Discord\app-0.0.305\ffmpeg.dll
4716> 2020-01-29 11:53:26> ApplyReleasesImpl: Moving file C:\Users\Erty\AppData\Local\Discord\app-0.0.305\lib\net45\icudtl.dat to C:\Users\Erty\AppData\Local\Discord\app-0.0.305\icudtl.dat
4716> 2020-01-29 11:53:26> ApplyReleasesImpl: Moving file C:\Users\Erty\AppData\Local\Discord\app-0.0.305\lib\net45\libGLESv2.dll to C:\Users\Erty\AppData\Local\Discord\app-0.0.305\libGLESv2.dll
4716> 2020-01-29 11:53:26> ApplyReleasesImpl: Moving file C:\Users\Erty\AppData\Local\Discord\app-0.0.305\lib\net45\osmesa.dll to C:\Users\Erty\AppData\Local\Discord\app-0.0.305\osmesa.dll
4716> 2020-01-29 11:53:26> ApplyReleasesImpl: Moving file C:\Users\Erty\AppData\Local\Discord\app-0.0.305\lib\net45\libEGL.dll to C:\Users\Erty\AppData\Local\Discord\app-0.0.305\libEGL.dll
4716> 2020-01-29 11:53:26> ApplyReleasesImpl: Moving file C:\Users\Erty\AppData\Local\Discord\app-0.0.305\lib\net45\natives_blob.bin to C:\Users\Erty\AppData\Local\Discord\app-0.0.305\natives_blob.bin
4716> 2020-01-29 11:53:26> ApplyReleasesImpl: Moving file C:\Users\Erty\AppData\Local\Discord\app-0.0.305\lib\net45\resources.pak to C:\Users\Erty\AppData\Local\Discord\app-0.0.305\resources.pak
4716> 2020-01-29 11:53:26> ApplyReleasesImpl: Moving file C:\Users\Erty\AppData\Local\Discord\app-0.0.305\lib\net45\snapshot_blob.bin to C:\Users\Erty\AppData\Local\Discord\app-0.0.305\snapshot_blob.bin
4716> 2020-01-29 11:53:26> ApplyReleasesImpl: Moving file C:\Users\Erty\AppData\Local\Discord\app-0.0.305\lib\net45\v8_context_snapshot.bin to C:\Users\Erty\AppData\Local\Discord\app-0.0.305\v8_context_snapshot.bin
4716> 2020-01-29 11:53:26> ApplyReleasesImpl: Moving file C:\Users\Erty\AppData\Local\Discord\app-0.0.305\lib\net45\VkLayer_core_validation.dll to C:\Users\Erty\AppData\Local\Discord\app-0.0.305\VkLayer_core_validation.dll
4716> 2020-01-29 11:53:26> ApplyReleasesImpl: Moving file C:\Users\Erty\AppData\Local\Discord\app-0.0.305\lib\net45\Squirrel.exe to C:\Users\Erty\AppData\Local\Discord\app-0.0.305\Squirrel.exe
4716> 2020-01-29 11:53:26> ApplyReleasesImpl: Moving file C:\Users\Erty\AppData\Local\Discord\app-0.0.305\lib\net45\VkICD_mock_icd.dll to C:\Users\Erty\AppData\Local\Discord\app-0.0.305\VkICD_mock_icd.dll
4716> 2020-01-29 11:53:26> ApplyReleasesImpl: Moving file C:\Users\Erty\AppData\Local\Discord\app-0.0.305\lib\net45\VkLayer_object_tracker.dll to C:\Users\Erty\AppData\Local\Discord\app-0.0.305\VkLayer_object_tracker.dll
4716> 2020-01-29 11:53:26> ApplyReleasesImpl: Moving file C:\Users\Erty\AppData\Local\Discord\app-0.0.305\lib\net45\VkLayer_threading.dll to C:\Users\Erty\AppData\Local\Discord\app-0.0.305\VkLayer_threading.dll
4716> 2020-01-29 11:53:26> ApplyReleasesImpl: Moving file C:\Users\Erty\AppData\Local\Discord\app-0.0.305\lib\net45\VkLayer_parameter_validation.dll to C:\Users\Erty\AppData\Local\Discord\app-0.0.305\VkLayer_parameter_validation.dll
4716> 2020-01-29 11:53:26> ApplyReleasesImpl: Moving file C:\Users\Erty\AppData\Local\Discord\app-0.0.305\lib\net45\VkLayer_unique_objects.dll to C:\Users\Erty\AppData\Local\Discord\app-0.0.305\VkLayer_unique_objects.dll
4716> 2020-01-29 11:53:27> ApplyReleasesImpl: Started updateSelf pid 5604
4716> 2020-01-29 11:53:36> ApplyReleasesImpl: Squirrel Enabled Apps: [C:\Users\Erty\AppData\Local\Discord\app-0.0.305\Discord.exe]
4716> 2020-01-29 11:53:36> Utility: Process Started: C:\Users\Erty\AppData\Local\Discord\app-0.0.305\Discord.exe --squirrel-install 0.0.305, pid 8048
4716> 2020-01-29 11:53:39> Utility: Received exitcode 0 from process C:\Users\Erty\AppData\Local\Discord\app-0.0.305\Discord.exe
4716> 2020-01-29 11:53:39> ApplyReleasesImpl: ran C:\Users\Erty\AppData\Local\Discord\app-0.0.305\Discord.exe, pid 7560
4716> 2020-01-29 11:53:39> ApplyReleasesImpl: Starting fixPinnedExecutables
4716> 2020-01-29 11:53:39> ApplyReleasesImpl: fixPinnedExecutables: newCurrentFolder: app-0.0.305
4716> 2020-01-29 11:53:39> ApplyReleasesImpl: fixPinnedExecutables: enumerating path C:\Users\Erty\AppData\Roaming\Microsoft\Windows\Start Menu failed: System.UnauthorizedAccessException: Odmowa dostępu do ścieżki „C:\Users\Erty\AppData\Roaming\Microsoft\Windows\Start Menu\Programy”.
   w System.IO.__Error.WinIOError(Int32 errorCode, String maybeFullPath)
   w System.IO.FileSystemEnumerableIterator`1.AddSearchableDirsToStack(SearchData localSearchData)
   w System.IO.FileSystemEnumerableIterator`1.MoveNext()
   w System.Collections.Generic.List`1..ctor(IEnumerable`1 collection)
   w System.IO.DirectoryInfo.InternalGetFiles(String searchPattern, SearchOption searchOption)
   w System.IO.DirectoryInfo.GetFiles(String searchPattern, SearchOption searchOption)
   w Squirrel.UpdateManager.ApplyReleasesImpl.fixPinnedExecutables(SemanticVersion newCurrentVersion)
4716> 2020-01-29 11:53:39> ApplyReleasesImpl: Updating shortcut C:\Users\Erty\Desktop\Discord.lnk
4716> 2020-01-29 11:53:39> ApplyReleasesImpl: Fixing up tray icons
4716> 2020-01-29 11:53:39> ApplyReleasesImpl: cleanDeadVersions: for version 0.0.305
4716> 2020-01-29 11:53:39> ApplyReleasesImpl: cleanDeadVersions: exclude current version folder app-0.0.305
2020-01-29 13:47:38> Program: Starting Squirrel Updater: --install .
2020-01-29 13:47:38> Program: Starting install, writing to C:\Users\Erty\AppData\Local\SquirrelTemp
2020-01-29 13:47:38> Program: About to install to: C:\Users\Erty\AppData\Local\GitHubDesktop
2020-01-29 13:47:38> CheckForUpdateImpl: Couldn't write out staging user ID, this user probably shouldn't get beta anything: System.IO.DirectoryNotFoundException: Nie można odnaleźć części ścieżki „C:\Users\Erty\AppData\Local\GitHubDesktop\packages\.betaId”.
   w System.IO.__Error.WinIOError(Int32 errorCode, String maybeFullPath)
   w System.IO.FileStream.Init(String path, FileMode mode, FileAccess access, Int32 rights, Boolean useRights, FileShare share, Int32 bufferSize, FileOptions options, SECURITY_ATTRIBUTES secAttrs, String msgPath, Boolean bFromProxy, Boolean useLongPath, Boolean checkHost)
   w System.IO.FileStream..ctor(String path, FileMode mode, FileAccess access, FileShare share, Int32 bufferSize, FileOptions options, String msgPath, Boolean bFromProxy, Boolean useLongPath, Boolean checkHost)
   w System.IO.StreamWriter.CreateFile(String path, Boolean append, Boolean checkHost)
   w System.IO.StreamWriter..ctor(String path, Boolean append, Encoding encoding, Int32 bufferSize, Boolean checkHost)
   w System.IO.File.InternalWriteAllText(String path, String contents, Encoding encoding, Boolean checkHost)
   w System.IO.File.WriteAllText(String path, String contents, Encoding encoding)
   w Squirrel.UpdateManager.CheckForUpdateImpl.getOrCreateStagedUserId()
2020-01-29 13:47:38> CheckForUpdateImpl: Failed to load local releases, starting from scratch: System.IO.DirectoryNotFoundException: Nie można odnaleźć części ścieżki „C:\Users\Erty\AppData\Local\GitHubDesktop\packages\RELEASES”.
   w System.IO.__Error.WinIOError(Int32 errorCode, String maybeFullPath)
   w System.IO.FileStream.Init(String path, FileMode mode, FileAccess access, Int32 rights, Boolean useRights, FileShare share, Int32 bufferSize, FileOptions options, SECURITY_ATTRIBUTES secAttrs, String msgPath, Boolean bFromProxy, Boolean useLongPath, Boolean checkHost)
   w System.IO.FileStream..ctor(String path, FileMode mode, FileAccess access, FileShare share)
   w Squirrel.Utility.LoadLocalReleases(String localReleaseFile)
   w Squirrel.UpdateManager.CheckForUpdateImpl.<CheckForUpdate>d__2.MoveNext()
2020-01-29 13:47:38> CheckForUpdateImpl: Reading RELEASES file from C:\Users\Erty\AppData\Local\SquirrelTemp
2020-01-29 13:47:38> CheckForUpdateImpl: First run or local directory is corrupt, starting from scratch
2020-01-29 13:47:38> ApplyReleasesImpl: Writing files to app directory: C:\Users\Erty\AppData\Local\GitHubDesktop\app-2.2.2
2020-01-29 13:47:38> LogHost: Rigging execution stub for lib/net45/GitHubDesktop_ExecutionStub.exe to C:\Users\Erty\AppData\Local\GitHubDesktop\GitHubDesktop.exe
2020-01-29 13:47:48> ApplyReleasesImpl: Squirrel Enabled Apps: [C:\Users\Erty\AppData\Local\GitHubDesktop\app-2.2.2\GitHubDesktop.exe]
2020-01-29 13:48:05> ApplyReleasesImpl: Couldn't run Squirrel hook, continuing: C:\Users\Erty\AppData\Local\GitHubDesktop\app-2.2.2\GitHubDesktop.exe: System.OperationCanceledException: Operacja została anulowana.
   w System.Threading.CancellationToken.ThrowOperationCanceledException()
   w Squirrel.Utility.<>c__DisplayClass11_0.<InvokeProcessAsync>b__0()
   w System.Threading.Tasks.Task.InnerInvoke()
   w System.Threading.Tasks.Task.Execute()
--- Koniec śladu stosu z poprzedniej lokalizacji, w której wystąpił wyjątek ---
   w System.Runtime.CompilerServices.TaskAwaiter.ThrowForNonSuccess(Task task)
   w System.Runtime.CompilerServices.TaskAwaiter.HandleNonSuccessAndDebuggerNotification(Task task)
   w Squirrel.Utility.<InvokeProcessAsync>d__11.MoveNext()
--- Koniec śladu stosu z poprzedniej lokalizacji, w której wystąpił wyjątek ---
   w System.Runtime.ExceptionServices.ExceptionDispatchInfo.Throw()
   w System.Runtime.CompilerServices.TaskAwaiter.ThrowForNonSuccess(Task task)
   w System.Runtime.CompilerServices.TaskAwaiter.HandleNonSuccessAndDebuggerNotification(Task task)
   w Squirrel.UpdateManager.ApplyReleasesImpl.<>c__DisplayClass10_0.<<invokePostInstall>b__0>d.MoveNext()
2020-01-29 13:48:05> ApplyReleasesImpl: Starting fixPinnedExecutables
2020-01-29 13:48:05> ApplyReleasesImpl: Examining Pin: File Explorer.lnk
2020-01-29 13:48:05> ApplyReleasesImpl: Examining Pin: Firefox.lnk
2020-01-29 13:48:05> ApplyReleasesImpl: Examining Pin: UserGuide.lnk
2020-01-29 13:48:05> ApplyReleasesImpl: Fixing up tray icons
2020-01-29 13:48:05> ApplyReleasesImpl: Couldn't rewrite shim RegKey, most likely no apps are shimmed: System.NullReferenceException: Odwołanie do obiektu nie zostało ustawione na wystąpienie obiektu.
   w Squirrel.UpdateManager.ApplyReleasesImpl.<unshimOurselves>b__13_0(RegistryView view)
2020-01-29 13:48:05> ApplyReleasesImpl: Couldn't rewrite shim RegKey, most likely no apps are shimmed: System.NullReferenceException: Odwołanie do obiektu nie zostało ustawione na wystąpienie obiektu.
   w Squirrel.UpdateManager.ApplyReleasesImpl.<unshimOurselves>b__13_0(RegistryView view)
2020-01-29 13:48:05> ApplyReleasesImpl: cleanDeadVersions: for version 2.2.2
2020-01-29 13:48:05> ApplyReleasesImpl: cleanDeadVersions: exclude folder app-2.2.2
